<?xml version="1.0" encoding="UTF-8"?>
<!-- Generated by org.testng.reporters.JUnitReportReporter -->
<testsuite skipped="0" hostname="LAPTOP-CJ63G7LO" name="com.talbot.qa.testcases.SearchPageTest" tests="1" failures="0" timestamp="2021-08-26T13:56:13 CDT" time="16.685" errors="0">
  <testcase name="homePageTest" time="16.685" classname="com.talbot.qa.testcases.SearchPageTest"/>
  <system-out/>
</testsuite> <!-- com.talbot.qa.testcases.SearchPageTest -->
